Traceback (most recent call last):
  File "/usr/share/miniconda/envs/physexp2_notebook/lib/python3.8/site-packages/jupyter_cache/executors/utils.py", line 51, in single_nb_execution
    executenb(
  File "/usr/share/miniconda/envs/physexp2_notebook/lib/python3.8/site-packages/nbclient/client.py", line 1204, in execute
    return NotebookClient(nb=nb, resources=resources, km=km, **kwargs).execute()
  File "/usr/share/miniconda/envs/physexp2_notebook/lib/python3.8/site-packages/nbclient/util.py", line 84, in wrapped
    return just_run(coro(*args, **kwargs))
  File "/usr/share/miniconda/envs/physexp2_notebook/lib/python3.8/site-packages/nbclient/util.py", line 62, in just_run
    return loop.run_until_complete(coro)
  File "/usr/share/miniconda/envs/physexp2_notebook/lib/python3.8/asyncio/base_events.py", line 616, in run_until_complete
    return future.result()
  File "/usr/share/miniconda/envs/physexp2_notebook/lib/python3.8/site-packages/nbclient/client.py", line 663, in async_execute
    await self.async_execute_cell(
  File "/usr/share/miniconda/envs/physexp2_notebook/lib/python3.8/site-packages/nbclient/client.py", line 965, in async_execute_cell
    await self._check_raise_for_error(cell, cell_index, exec_reply)
  File "/usr/share/miniconda/envs/physexp2_notebook/lib/python3.8/site-packages/nbclient/client.py", line 862, in _check_raise_for_error
    raise CellExecutionError.from_cell_and_msg(cell, exec_reply_content)
nbclient.exceptions.CellExecutionError: An error occurred while executing the following cell:
------------------
import matplotlib.pyplot as plt # importer maplotlib
import numpy as np

nevents = 10000
unif = np.random.rand( nevents)    # nombres uniformes sur [0,1]
x = np.acos(1-2*unif)                          # calcul de y = f(x)

xx = np.pi * np.linspace( 0., 1., 101) # les abscisses
yy = np.sin(xx)/2                      # calcul de f(x)

fig, ax = plt.subplots() # creation d'un plot
n, bins, bars = plt.hist(x, bins=50, label="Gen. f(x)", density=True)
ax.plot(xx,yy,"-",label="f(x) = sin(x)/2") # plot de f(x)
leg = ax.legend()   # creation de la légende
------------------

[0;31m---------------------------------------------------------------------------[0m
[0;31mAttributeError[0m                            Traceback (most recent call last)
Cell [0;32mIn[3], line 6[0m
[1;32m      4[0m nevents [38;5;241m=[39m [38;5;241m10000[39m
[1;32m      5[0m unif [38;5;241m=[39m np[38;5;241m.[39mrandom[38;5;241m.[39mrand( nevents)    [38;5;66;03m# nombres uniformes sur [0,1][39;00m
[0;32m----> 6[0m x [38;5;241m=[39m [43mnp[49m[38;5;241;43m.[39;49m[43macos[49m([38;5;241m1[39m[38;5;241m-[39m[38;5;241m2[39m[38;5;241m*[39munif)                          [38;5;66;03m# calcul de y = f(x)[39;00m
[1;32m      8[0m xx [38;5;241m=[39m np[38;5;241m.[39mpi [38;5;241m*[39m np[38;5;241m.[39mlinspace( [38;5;241m0.[39m, [38;5;241m1.[39m, [38;5;241m101[39m) [38;5;66;03m# les abscisses[39;00m
[1;32m      9[0m yy [38;5;241m=[39m np[38;5;241m.[39msin(xx)[38;5;241m/[39m[38;5;241m2[39m                      [38;5;66;03m# calcul de f(x)[39;00m

File [0;32m/usr/share/miniconda/envs/physexp2_notebook/lib/python3.8/site-packages/numpy/__init__.py:320[0m, in [0;36m__getattr__[0;34m(attr)[0m
[1;32m    317[0m     [38;5;28;01mfrom[39;00m [38;5;21;01m.[39;00m[38;5;21;01mtesting[39;00m [38;5;28;01mimport[39;00m Tester
[1;32m    318[0m     [38;5;28;01mreturn[39;00m Tester
[0;32m--> 320[0m [38;5;28;01mraise[39;00m [38;5;167;01mAttributeError[39;00m([38;5;124m"[39m[38;5;124mmodule [39m[38;5;132;01m{!r}[39;00m[38;5;124m has no attribute [39m[38;5;124m"[39m
[1;32m    321[0m                      [38;5;124m"[39m[38;5;132;01m{!r}[39;00m[38;5;124m"[39m[38;5;241m.[39mformat([38;5;18m__name__[39m, attr))

[0;31mAttributeError[0m: module 'numpy' has no attribute 'acos'
AttributeError: module 'numpy' has no attribute 'acos'

